app/build/intermediates/manifest_merge_blame_file/release/processReleaseMainManifest/manifest-merger-blame-release-report.txt
1<?xml version="1.0" encoding="utf-8"?>
2<manifest xmlns:android="http://schemas.android.com/apk/res/android"
3    package="com.focusisland"
4    android:versionCode="1"
5    android:versionName="1.0" >
6
7    <uses-sdk
7-->INJECTED
8        android:minSdkVersion="26"
8-->INJECTED
9        android:targetSdkVersion="36" />
9-->INJECTED
10
11    <!-- Intent permission for manual package installation -->
12    <uses-permission android:name="android.permission.REQUEST_INSTALL_PACKAGES" />
12-->src/main/AndroidManifest.xml:6:5-83
12-->src/main/AndroidManifest.xml:6:22-80
13
14    <!-- Foreground service for timer -->
15    <uses-permission android:name="android.permission.FOREGROUND_SERVICE" />
15-->src/main/AndroidManifest.xml:9:5-77
15-->src/main/AndroidManifest.xml:9:22-74
16    <uses-permission android:name="android.permission.FOREGROUND_SERVICE_SPECIAL_USE" />
16-->src/main/AndroidManifest.xml:10:5-89
16-->src/main/AndroidManifest.xml:10:22-86
17
18    <!-- Do Not Disturb / Notification Policy access -->
19    <uses-permission android:name="android.permission.ACCESS_NOTIFICATION_POLICY" />
19-->src/main/AndroidManifest.xml:13:5-85
19-->src/main/AndroidManifest.xml:13:22-82
20
21    <!-- Post notifications (Android 13+) -->
22    <uses-permission android:name="android.permission.POST_NOTIFICATIONS" />
22-->src/main/AndroidManifest.xml:16:5-77
22-->src/main/AndroidManifest.xml:16:22-74
23
24    <!-- Attribution Tags for AppOps Auditing -->
25    <attribution
25-->src/main/AndroidManifest.xml:19:5-21:44
26        android:label="@string/app_name"
26-->src/main/AndroidManifest.xml:21:9-41
27        android:tag="default" />
27-->src/main/AndroidManifest.xml:20:9-30
28    <attribution
28-->src/main/AndroidManifest.xml:22:5-24:44
29        android:label="@string/app_name"
29-->src/main/AndroidManifest.xml:24:9-41
30        android:tag="focus_monitor" />
30-->src/main/AndroidManifest.xml:23:9-36
31    <attribution
31-->src/main/AndroidManifest.xml:25:5-27:44
32        android:label="@string/app_name"
32-->src/main/AndroidManifest.xml:27:9-41
33        android:tag="media" />
33-->src/main/AndroidManifest.xml:26:9-28
34    <attribution
34-->src/main/AndroidManifest.xml:28:5-30:44
35        android:label="@string/app_name"
35-->src/main/AndroidManifest.xml:30:9-41
36        android:tag="notifications" />
36-->src/main/AndroidManifest.xml:29:9-36
37
38    <!-- Exact alarm for timer precision -->
39    <uses-permission android:name="android.permission.SCHEDULE_EXACT_ALARM" />
39-->src/main/AndroidManifest.xml:33:5-79
39-->src/main/AndroidManifest.xml:33:22-76
40    <uses-permission android:name="android.permission.USE_EXACT_ALARM" />
40-->src/main/AndroidManifest.xml:34:5-74
40-->src/main/AndroidManifest.xml:34:22-71
41
42    <!-- Wake lock to keep timer alive on screen off -->
43    <uses-permission android:name="android.permission.WAKE_LOCK" />
43-->src/main/AndroidManifest.xml:37:5-68
43-->src/main/AndroidManifest.xml:37:22-65
44
45    <!-- Vibration for session end -->
46    <uses-permission android:name="android.permission.VIBRATE" />
46-->src/main/AndroidManifest.xml:40:5-66
46-->src/main/AndroidManifest.xml:40:22-63
47
48    <!-- Internet for radio streams -->
49    <uses-permission android:name="android.permission.INTERNET" />
49-->src/main/AndroidManifest.xml:43:5-67
49-->src/main/AndroidManifest.xml:43:22-64
50    <uses-permission android:name="android.permission.ACCESS_NETWORK_STATE" />
50-->src/main/AndroidManifest.xml:44:5-79
50-->src/main/AndroidManifest.xml:44:22-76
51
52    <!-- Foreground service for background audio -->
53    <uses-permission android:name="android.permission.FOREGROUND_SERVICE_MEDIA_PLAYBACK" />
53-->src/main/AndroidManifest.xml:47:5-92
53-->src/main/AndroidManifest.xml:47:22-89
54
55    <!-- Keep WiFi alive during streaming -->
56    <uses-permission android:name="android.permission.CHANGE_WIFI_MULTICAST_STATE" />
56-->src/main/AndroidManifest.xml:50:5-86
56-->src/main/AndroidManifest.xml:50:22-83
57
58    <!-- Read installed apps list -->
59    <uses-permission android:name="android.permission.QUERY_ALL_PACKAGES" />
59-->src/main/AndroidManifest.xml:53:5-77
59-->src/main/AndroidManifest.xml:53:22-74
60
61    <!-- Usage stats — detect which app is in foreground (app launch blocking) -->
62    <uses-permission android:name="android.permission.PACKAGE_USAGE_STATS" />
62-->src/main/AndroidManifest.xml:56:5-57:47
62-->src/main/AndroidManifest.xml:56:22-75
63
64    <!-- Draw overlay (focus reminder screen on top of blocked app) -->
65    <uses-permission android:name="android.permission.SYSTEM_ALERT_WINDOW" />
65-->src/main/AndroidManifest.xml:60:5-78
65-->src/main/AndroidManifest.xml:60:22-75
66
67    <!-- Wallpaper setting -->
68    <uses-permission android:name="android.permission.SET_WALLPAPER" />
68-->src/main/AndroidManifest.xml:63:5-72
68-->src/main/AndroidManifest.xml:63:22-69
69    <uses-permission android:name="com.google.android.providers.gsf.permission.READ_GSERVICES" />
69-->[com.google.android.recaptcha:recaptcha:18.6.1] AndroidManifest.xml:9:5-98
69-->[com.google.android.recaptcha:recaptcha:18.6.1] AndroidManifest.xml:9:22-95
70
71    <permission
71-->[androidx.core:core:1.18.0] AndroidManifest.xml:22:5-24:47
72        android:name="com.focusisland.DYNAMIC_RECEIVER_NOT_EXPORTED_PERMISSION"
72-->[androidx.core:core:1.18.0] AndroidManifest.xml:23:9-81
73        android:protectionLevel="signature" />
73-->[androidx.core:core:1.18.0] AndroidManifest.xml:24:9-44
74
75    <uses-permission android:name="com.focusisland.DYNAMIC_RECEIVER_NOT_EXPORTED_PERMISSION" />
75-->[androidx.core:core:1.18.0] AndroidManifest.xml:26:5-97
75-->[androidx.core:core:1.18.0] AndroidManifest.xml:26:22-94
76
77    <application
77-->src/main/AndroidManifest.xml:65:5-157:19
78        android:name="com.example.FocusFlowApplication"
78-->src/main/AndroidManifest.xml:66:9-45
79        android:allowBackup="true"
79-->src/main/AndroidManifest.xml:67:9-35
80        android:appComponentFactory="androidx.core.app.CoreComponentFactory"
80-->[androidx.core:core:1.18.0] AndroidManifest.xml:28:18-86
81        android:dataExtractionRules="@xml/data_extraction_rules"
81-->src/main/AndroidManifest.xml:68:9-65
82        android:extractNativeLibs="false"
82-->INJECTED
83        android:fullBackupContent="@xml/backup_rules"
83-->src/main/AndroidManifest.xml:69:9-54
84        android:icon="@mipmap/ic_launcher"
84-->src/main/AndroidManifest.xml:70:9-43
85        android:label="@string/app_name"
85-->src/main/AndroidManifest.xml:71:9-41
86        android:roundIcon="@mipmap/ic_launcher_round"
86-->src/main/AndroidManifest.xml:72:9-54
87        android:supportsRtl="true"
87-->src/main/AndroidManifest.xml:73:9-35
88        android:theme="@style/Theme.MyApplication" >
88-->src/main/AndroidManifest.xml:74:9-51
89        <activity
89-->src/main/AndroidManifest.xml:75:9-85:20
90            android:name="com.example.MainActivity"
90-->src/main/AndroidManifest.xml:76:13-41
91            android:exported="true"
91-->src/main/AndroidManifest.xml:77:13-36
92            android:label="@string/app_name"
92-->src/main/AndroidManifest.xml:78:13-45
93            android:theme="@style/Theme.MyApplication" >
93-->src/main/AndroidManifest.xml:79:13-55
94            <intent-filter>
94-->src/main/AndroidManifest.xml:80:13-84:29
95                <action android:name="android.intent.action.MAIN" />
95-->src/main/AndroidManifest.xml:81:17-69
95-->src/main/AndroidManifest.xml:81:25-66
96
97                <category android:name="android.intent.category.LAUNCHER" />
97-->src/main/AndroidManifest.xml:83:17-77
97-->src/main/AndroidManifest.xml:83:27-74
98            </intent-filter>
99        </activity>
100
101        <!-- Foreground Timer Service -->
102        <service
102-->src/main/AndroidManifest.xml:88:9-95:19
103            android:name="com.example.service.PomodoroTimerService"
103-->src/main/AndroidManifest.xml:89:13-57
104            android:exported="false"
104-->src/main/AndroidManifest.xml:91:13-37
105            android:foregroundServiceType="specialUse" >
105-->src/main/AndroidManifest.xml:90:13-55
106            <property
106-->src/main/AndroidManifest.xml:92:13-94:101
107                android:name="android.app.PROPERTY_SPECIAL_USE_FGS_SUBTYPE"
107-->src/main/AndroidManifest.xml:93:17-76
108                android:value="Pomodoro timer service to track focused sessions and break cycles" />
108-->src/main/AndroidManifest.xml:94:17-98
109        </service>
110
111        <!-- Notification listener (block notifications from specific apps) -->
112        <service
112-->src/main/AndroidManifest.xml:98:9-105:19
113            android:name="com.example.service.FocusNotificationListenerService"
113-->src/main/AndroidManifest.xml:99:13-69
114            android:exported="true"
114-->src/main/AndroidManifest.xml:100:13-36
115            android:permission="android.permission.BIND_NOTIFICATION_LISTENER_SERVICE" >
115-->src/main/AndroidManifest.xml:101:13-87
116            <intent-filter>
116-->src/main/AndroidManifest.xml:102:13-104:29
117                <action android:name="android.service.notification.NotificationListenerService" />
117-->src/main/AndroidManifest.xml:103:17-99
117-->src/main/AndroidManifest.xml:103:25-96
118            </intent-filter>
119        </service>
120
121        <!-- App monitor foreground service -->
122        <service
122-->src/main/AndroidManifest.xml:108:9-115:19
123            android:name="com.example.service.AppMonitorService"
123-->src/main/AndroidManifest.xml:109:13-54
124            android:exported="false"
124-->src/main/AndroidManifest.xml:111:13-37
125            android:foregroundServiceType="specialUse" >
125-->src/main/AndroidManifest.xml:110:13-55
126            <property
126-->src/main/AndroidManifest.xml:92:13-94:101
127                android:name="android.app.PROPERTY_SPECIAL_USE_FGS_SUBTYPE"
127-->src/main/AndroidManifest.xml:93:17-76
128                android:value="Monitors app launch to protect users focus sessions" />
128-->src/main/AndroidManifest.xml:94:17-98
129        </service>
130
131        <!-- Media player service declaration -->
132        <service
132-->src/main/AndroidManifest.xml:118:9-126:19
133            android:name="com.example.service.RadioPlayerService"
133-->src/main/AndroidManifest.xml:119:13-55
134            android:exported="true"
134-->src/main/AndroidManifest.xml:121:13-36
135            android:foregroundServiceType="mediaPlayback" >
135-->src/main/AndroidManifest.xml:120:13-58
136            <intent-filter>
136-->src/main/AndroidManifest.xml:122:13-125:29
137                <action android:name="androidx.media3.session.MediaSessionService" />
137-->src/main/AndroidManifest.xml:123:17-86
137-->src/main/AndroidManifest.xml:123:25-83
138                <action android:name="android.media.browse.MediaBrowserService" />
138-->src/main/AndroidManifest.xml:124:17-83
138-->src/main/AndroidManifest.xml:124:25-80
139            </intent-filter>
140        </service>
141
142        <!-- Focus Overlay activity -->
143        <activity
143-->src/main/AndroidManifest.xml:129:9-133:46
144            android:name="com.example.FocusOverlayActivity"
144-->src/main/AndroidManifest.xml:130:13-49
145            android:exported="false"
145-->src/main/AndroidManifest.xml:131:13-37
146            android:launchMode="singleTop"
146-->src/main/AndroidManifest.xml:133:13-43
147            android:theme="@style/Theme.MyApplication" />
147-->src/main/AndroidManifest.xml:132:13-55
148
149        <!-- Home Screen Widget Receiver -->
150        <receiver
150-->src/main/AndroidManifest.xml:136:9-145:20
151            android:name="com.example.widget.ExamCountdownWidgetReceiver"
151-->src/main/AndroidManifest.xml:137:13-63
152            android:exported="true" >
152-->src/main/AndroidManifest.xml:138:13-36
153            <intent-filter>
153-->src/main/AndroidManifest.xml:139:13-141:29
154                <action android:name="android.appwidget.action.APPWIDGET_UPDATE" />
154-->src/main/AndroidManifest.xml:140:17-84
154-->src/main/AndroidManifest.xml:140:25-81
155            </intent-filter>
156
157            <meta-data
157-->src/main/AndroidManifest.xml:142:13-144:70
158                android:name="android.appwidget.provider"
158-->src/main/AndroidManifest.xml:143:17-58
159                android:resource="@xml/exam_countdown_widget_info" />
159-->src/main/AndroidManifest.xml:144:17-67
160        </receiver>
161
162        <!-- Secure file sharing provider for local updates -->
163        <provider
163-->INJECTED
164            android:name="androidx.core.content.FileProvider"
164-->src/main/AndroidManifest.xml:149:13-62
165            android:authorities="com.focusisland.fileprovider"
165-->INJECTED
166            android:exported="false"
166-->src/main/AndroidManifest.xml:151:13-37
167            android:grantUriPermissions="true" >
167-->src/main/AndroidManifest.xml:152:13-47
168            <meta-data
168-->src/main/AndroidManifest.xml:153:13-155:58
169                android:name="android.support.FILE_PROVIDER_PATHS"
169-->src/main/AndroidManifest.xml:154:17-67
170                android:resource="@xml/provider_paths" />
170-->src/main/AndroidManifest.xml:155:17-55
171        </provider>
172
173        <activity
173-->[com.google.firebase:firebase-auth:24.0.1] AndroidManifest.xml:29:9-46:20
174            android:name="com.google.firebase.auth.internal.GenericIdpActivity"
174-->[com.google.firebase:firebase-auth:24.0.1] AndroidManifest.xml:30:13-80
175            android:excludeFromRecents="true"
175-->[com.google.firebase:firebase-auth:24.0.1] AndroidManifest.xml:31:13-46
176            android:exported="true"
176-->[com.google.firebase:firebase-auth:24.0.1] AndroidManifest.xml:32:13-36
177            android:launchMode="singleTask"
177-->[com.google.firebase:firebase-auth:24.0.1] AndroidManifest.xml:33:13-44
178            android:theme="@android:style/Theme.Translucent.NoTitleBar" >
178-->[com.google.firebase:firebase-auth:24.0.1] AndroidManifest.xml:34:13-72
179            <intent-filter>
179-->[com.google.firebase:firebase-auth:24.0.1] AndroidManifest.xml:35:13-45:29
180                <action android:name="android.intent.action.VIEW" />
180-->[com.google.firebase:firebase-auth:24.0.1] AndroidManifest.xml:36:17-69
180-->[com.google.firebase:firebase-auth:24.0.1] AndroidManifest.xml:36:25-66
181
182                <category android:name="android.intent.category.DEFAULT" />
182-->[com.google.firebase:firebase-auth:24.0.1] AndroidManifest.xml:38:17-76
182-->[com.google.firebase:firebase-auth:24.0.1] AndroidManifest.xml:38:27-73
183                <category android:name="android.intent.category.BROWSABLE" />
183-->[com.google.firebase:firebase-auth:24.0.1] AndroidManifest.xml:39:17-78
183-->[com.google.firebase:firebase-auth:24.0.1] AndroidManifest.xml:39:27-75
184
185                <data
185-->[com.google.firebase:firebase-auth:24.0.1] AndroidManifest.xml:41:17-44:51
186                    android:host="firebase.auth"
186-->[com.google.firebase:firebase-auth:24.0.1] AndroidManifest.xml:42:21-49
187                    android:path="/"
187-->[com.google.firebase:firebase-auth:24.0.1] AndroidManifest.xml:43:21-37
188                    android:scheme="genericidp" />
188-->[com.google.firebase:firebase-auth:24.0.1] AndroidManifest.xml:44:21-48
189            </intent-filter>
190        </activity>
191        <activity
191-->[com.google.firebase:firebase-auth:24.0.1] AndroidManifest.xml:47:9-64:20
192            android:name="com.google.firebase.auth.internal.RecaptchaActivity"
192-->[com.google.firebase:firebase-auth:24.0.1] AndroidManifest.xml:48:13-79
193            android:excludeFromRecents="true"
193-->[com.google.firebase:firebase-auth:24.0.1] AndroidManifest.xml:49:13-46
194            android:exported="true"
194-->[com.google.firebase:firebase-auth:24.0.1] AndroidManifest.xml:50:13-36
195            android:launchMode="singleTask"
195-->[com.google.firebase:firebase-auth:24.0.1] AndroidManifest.xml:51:13-44
196            android:theme="@android:style/Theme.Translucent.NoTitleBar" >
196-->[com.google.firebase:firebase-auth:24.0.1] AndroidManifest.xml:52:13-72
197            <intent-filter>
197-->[com.google.firebase:firebase-auth:24.0.1] AndroidManifest.xml:53:13-63:29
198                <action android:name="android.intent.action.VIEW" />
198-->[com.google.firebase:firebase-auth:24.0.1] AndroidManifest.xml:36:17-69
198-->[com.google.firebase:firebase-auth:24.0.1] AndroidManifest.xml:36:25-66
199
200                <category android:name="android.intent.category.DEFAULT" />
200-->[com.google.firebase:firebase-auth:24.0.1] AndroidManifest.xml:38:17-76
200-->[com.google.firebase:firebase-auth:24.0.1] AndroidManifest.xml:38:27-73
201                <category android:name="android.intent.category.BROWSABLE" />
201-->[com.google.firebase:firebase-auth:24.0.1] AndroidManifest.xml:39:17-78
201-->[com.google.firebase:firebase-auth:24.0.1] AndroidManifest.xml:39:27-75
202
203                <data
203-->[com.google.firebase:firebase-auth:24.0.1] AndroidManifest.xml:41:17-44:51
204                    android:host="firebase.auth"
204-->[com.google.firebase:firebase-auth:24.0.1] AndroidManifest.xml:42:21-49
205                    android:path="/"
205-->[com.google.firebase:firebase-auth:24.0.1] AndroidManifest.xml:43:21-37
206                    android:scheme="recaptcha" />
206-->[com.google.firebase:firebase-auth:24.0.1] AndroidManifest.xml:44:21-48
207            </intent-filter>
208        </activity>
209
210        <service
210-->[com.google.firebase:firebase-auth:24.0.1] AndroidManifest.xml:66:9-72:19
211            android:name="com.google.firebase.components.ComponentDiscoveryService"
211-->[com.google.firebase:firebase-auth:24.0.1] AndroidManifest.xml:67:13-84
212            android:directBootAware="true"
212-->[com.google.firebase:firebase-common:22.0.1] AndroidManifest.xml:32:13-43
213            android:exported="false" >
213-->[com.google.firebase:firebase-auth:24.0.1] AndroidManifest.xml:68:13-37
214            <meta-data
214-->[com.google.firebase:firebase-auth:24.0.1] AndroidManifest.xml:69:13-71:85
215                android:name="com.google.firebase.components:com.google.firebase.auth.FirebaseAuthRegistrar"
215-->[com.google.firebase:firebase-auth:24.0.1] AndroidManifest.xml:70:17-109
216                android:value="com.google.firebase.components.ComponentRegistrar" />
216-->[com.google.firebase:firebase-auth:24.0.1] AndroidManifest.xml:71:17-82
217            <meta-data
217-->[com.google.firebase:firebase-firestore:26.2.0] AndroidManifest.xml:17:13-19:85
218                android:name="com.google.firebase.components:com.google.firebase.firestore.FirebaseFirestoreKtxRegistrar"
218-->[com.google.firebase:firebase-firestore:26.2.0] AndroidManifest.xml:18:17-122
219                android:value="com.google.firebase.components.ComponentRegistrar" />
219-->[com.google.firebase:firebase-firestore:26.2.0] AndroidManifest.xml:19:17-82
220            <meta-data
220-->[com.google.firebase:firebase-firestore:26.2.0] AndroidManifest.xml:20:13-22:85
221                android:name="com.google.firebase.components:com.google.firebase.firestore.FirestoreRegistrar"
221-->[com.google.firebase:firebase-firestore:26.2.0] AndroidManifest.xml:21:17-111
222                android:value="com.google.firebase.components.ComponentRegistrar" />
222-->[com.google.firebase:firebase-firestore:26.2.0] AndroidManifest.xml:22:17-82
223            <meta-data
223-->[com.google.firebase:firebase-storage:22.0.1] AndroidManifest.xml:30:13-32:85
224                android:name="com.google.firebase.components:com.google.firebase.storage.FirebaseStorageKtxRegistrar"
224-->[com.google.firebase:firebase-storage:22.0.1] AndroidManifest.xml:31:17-118
225                android:value="com.google.firebase.components.ComponentRegistrar" />
225-->[com.google.firebase:firebase-storage:22.0.1] AndroidManifest.xml:32:17-82
226            <meta-data
226-->[com.google.firebase:firebase-storage:22.0.1] AndroidManifest.xml:33:13-35:85
227                android:name="com.google.firebase.components:com.google.firebase.storage.StorageRegistrar"
227-->[com.google.firebase:firebase-storage:22.0.1] AndroidManifest.xml:34:17-107
228                android:value="com.google.firebase.components.ComponentRegistrar" />
228-->[com.google.firebase:firebase-storage:22.0.1] AndroidManifest.xml:35:17-82
229            <meta-data
229-->[com.google.firebase:firebase-ai:17.11.0] AndroidManifest.xml:31:13-33:85
230                android:name="com.google.firebase.components:com.google.firebase.ai.FirebaseAIRegistrar"
230-->[com.google.firebase:firebase-ai:17.11.0] AndroidManifest.xml:32:17-105
231                android:value="com.google.firebase.components.ComponentRegistrar" />
231-->[com.google.firebase:firebase-ai:17.11.0] AndroidManifest.xml:33:17-82
232            <meta-data
232-->[com.google.firebase:firebase-config:23.0.1] AndroidManifest.xml:29:13-31:85
233                android:name="com.google.firebase.components:com.google.firebase.remoteconfig.FirebaseRemoteConfigKtxRegistrar"
233-->[com.google.firebase:firebase-config:23.0.1] AndroidManifest.xml:30:17-128
234                android:value="com.google.firebase.components.ComponentRegistrar" />
234-->[com.google.firebase:firebase-config:23.0.1] AndroidManifest.xml:31:17-82
235            <meta-data
235-->[com.google.firebase:firebase-config:23.0.1] AndroidManifest.xml:32:13-34:85
236                android:name="com.google.firebase.components:com.google.firebase.remoteconfig.RemoteConfigRegistrar"
236-->[com.google.firebase:firebase-config:23.0.1] AndroidManifest.xml:33:17-117
237                android:value="com.google.firebase.components.ComponentRegistrar" />
237-->[com.google.firebase:firebase-config:23.0.1] AndroidManifest.xml:34:17-82
238            <meta-data
238-->[com.google.firebase:firebase-installations:19.1.0] AndroidManifest.xml:15:13-17:85
239                android:name="com.google.firebase.components:com.google.firebase.installations.FirebaseInstallationsKtxRegistrar"
239-->[com.google.firebase:firebase-installations:19.1.0] AndroidManifest.xml:16:17-130
240                android:value="com.google.firebase.components.ComponentRegistrar" />
240-->[com.google.firebase:firebase-installations:19.1.0] AndroidManifest.xml:17:17-82
241            <meta-data
241-->[com.google.firebase:firebase-installations:19.1.0] AndroidManifest.xml:18:13-20:85
242                android:name="com.google.firebase.components:com.google.firebase.installations.FirebaseInstallationsRegistrar"
242-->[com.google.firebase:firebase-installations:19.1.0] AndroidManifest.xml:19:17-127
243                android:value="com.google.firebase.components.ComponentRegistrar" />
243-->[com.google.firebase:firebase-installations:19.1.0] AndroidManifest.xml:20:17-82
244            <meta-data
244-->[com.google.firebase:firebase-common:22.0.1] AndroidManifest.xml:35:13-37:85
245                android:name="com.google.firebase.components:com.google.firebase.FirebaseCommonKtxRegistrar"
245-->[com.google.firebase:firebase-common:22.0.1] AndroidManifest.xml:36:17-109
246                android:value="com.google.firebase.components.ComponentRegistrar" />
246-->[com.google.firebase:firebase-common:22.0.1] AndroidManifest.xml:37:17-82
247            <meta-data
247-->[com.google.firebase:firebase-abt:21.1.1] AndroidManifest.xml:12:13-14:85
248                android:name="com.google.firebase.components:com.google.firebase.abt.component.AbtRegistrar"
248-->[com.google.firebase:firebase-abt:21.1.1] AndroidManifest.xml:13:17-109
249                android:value="com.google.firebase.components.ComponentRegistrar" />
249-->[com.google.firebase:firebase-abt:21.1.1] AndroidManifest.xml:14:17-82
250            <meta-data
250-->[com.google.firebase:firebase-appcheck:19.0.2] AndroidManifest.xml:25:13-27:85
251                android:name="com.google.firebase.components:com.google.firebase.appcheck.FirebaseAppCheckKtxRegistrar"
251-->[com.google.firebase:firebase-appcheck:19.0.2] AndroidManifest.xml:26:17-120
252                android:value="com.google.firebase.components.ComponentRegistrar" />
252-->[com.google.firebase:firebase-appcheck:19.0.2] AndroidManifest.xml:27:17-82
253            <meta-data
253-->[com.google.firebase:firebase-appcheck:19.0.2] AndroidManifest.xml:28:13-30:85
254                android:name="com.google.firebase.components:com.google.firebase.appcheck.FirebaseAppCheckRegistrar"
254-->[com.google.firebase:firebase-appcheck:19.0.2] AndroidManifest.xml:29:17-117
255                android:value="com.google.firebase.components.ComponentRegistrar" />
255-->[com.google.firebase:firebase-appcheck:19.0.2] AndroidManifest.xml:30:17-82
256        </service>
257        <service
257-->[androidx.credentials:credentials-play-services-auth:1.2.0-rc01] AndroidManifest.xml:24:9-32:19
258            android:name="androidx.credentials.playservices.CredentialProviderMetadataHolder"
258-->[androidx.credentials:credentials-play-services-auth:1.2.0-rc01] AndroidManifest.xml:25:13-94
259            android:enabled="true"
259-->[androidx.credentials:credentials-play-services-auth:1.2.0-rc01] AndroidManifest.xml:26:13-35
260            android:exported="false" >
260-->[androidx.credentials:credentials-play-services-auth:1.2.0-rc01] AndroidManifest.xml:27:13-37
261            <meta-data
261-->[androidx.credentials:credentials-play-services-auth:1.2.0-rc01] AndroidManifest.xml:29:13-31:104
262                android:name="androidx.credentials.CREDENTIAL_PROVIDER_KEY"
262-->[androidx.credentials:credentials-play-services-auth:1.2.0-rc01] AndroidManifest.xml:30:17-76
263                android:value="androidx.credentials.playservices.CredentialProviderPlayServicesImpl" />
263-->[androidx.credentials:credentials-play-services-auth:1.2.0-rc01] AndroidManifest.xml:31:17-101
264        </service>
265
266        <activity
266-->[androidx.credentials:credentials-play-services-auth:1.2.0-rc01] AndroidManifest.xml:34:9-41:20
267            android:name="androidx.credentials.playservices.HiddenActivity"
267-->[androidx.credentials:credentials-play-services-auth:1.2.0-rc01] AndroidManifest.xml:35:13-76
268            android:configChanges="orientation|screenSize|screenLayout|keyboardHidden"
268-->[androidx.credentials:credentials-play-services-auth:1.2.0-rc01] AndroidManifest.xml:36:13-87
269            android:enabled="true"
269-->[androidx.credentials:credentials-play-services-auth:1.2.0-rc01] AndroidManifest.xml:37:13-35
270            android:exported="false"
270-->[androidx.credentials:credentials-play-services-auth:1.2.0-rc01] AndroidManifest.xml:38:13-37
271            android:fitsSystemWindows="true"
271-->[androidx.credentials:credentials-play-services-auth:1.2.0-rc01] AndroidManifest.xml:39:13-45
272            android:theme="@style/Theme.Hidden" >
272-->[androidx.credentials:credentials-play-services-auth:1.2.0-rc01] AndroidManifest.xml:40:13-48
273        </activity>
274        <activity
274-->[com.google.android.gms:play-services-auth:20.7.0] AndroidManifest.xml:23:9-27:75
275            android:name="com.google.android.gms.auth.api.signin.internal.SignInHubActivity"
275-->[com.google.android.gms:play-services-auth:20.7.0] AndroidManifest.xml:24:13-93
276            android:excludeFromRecents="true"
276-->[com.google.android.gms:play-services-auth:20.7.0] AndroidManifest.xml:25:13-46
277            android:exported="false"
277-->[com.google.android.gms:play-services-auth:20.7.0] AndroidManifest.xml:26:13-37
278            android:theme="@android:style/Theme.Translucent.NoTitleBar" />
278-->[com.google.android.gms:play-services-auth:20.7.0] AndroidManifest.xml:27:13-72
279        <!--
280            Service handling Google Sign-In user revocation. For apps that do not integrate with
281            Google Sign-In, this service will never be started.
282        -->
283        <service
283-->[com.google.android.gms:play-services-auth:20.7.0] AndroidManifest.xml:33:9-37:51
284            android:name="com.google.android.gms.auth.api.signin.RevocationBoundService"
284-->[com.google.android.gms:play-services-auth:20.7.0] AndroidManifest.xml:34:13-89
285            android:exported="true"
285-->[com.google.android.gms:play-services-auth:20.7.0] AndroidManifest.xml:35:13-36
286            android:permission="com.google.android.gms.auth.api.signin.permission.REVOCATION_NOTIFICATION"
286-->[com.google.android.gms:play-services-auth:20.7.0] AndroidManifest.xml:36:13-107
287            android:visibleToInstantApps="true" />
287-->[com.google.android.gms:play-services-auth:20.7.0] AndroidManifest.xml:37:13-48
288
289        <provider
289-->[com.google.firebase:firebase-common:22.0.1] AndroidManifest.xml:23:9-28:39
290            android:name="com.google.firebase.provider.FirebaseInitProvider"
290-->[com.google.firebase:firebase-common:22.0.1] AndroidManifest.xml:24:13-77
291            android:authorities="com.focusisland.firebaseinitprovider"
291-->[com.google.firebase:firebase-common:22.0.1] AndroidManifest.xml:25:13-72
292            android:directBootAware="true"
292-->[com.google.firebase:firebase-common:22.0.1] AndroidManifest.xml:26:13-43
293            android:exported="false"
293-->[com.google.firebase:firebase-common:22.0.1] AndroidManifest.xml:27:13-37
294            android:initOrder="100" />
294-->[com.google.firebase:firebase-common:22.0.1] AndroidManifest.xml:28:13-36
295
296        <activity
296-->[com.google.android.gms:play-services-base:18.9.0] AndroidManifest.xml:20:9-22:45
297            android:name="com.google.android.gms.common.api.GoogleApiActivity"
297-->[com.google.android.gms:play-services-base:18.9.0] AndroidManifest.xml:20:19-85
298            android:exported="false"
298-->[com.google.android.gms:play-services-base:18.9.0] AndroidManifest.xml:22:19-43